<?xml version="1.0" encoding="UTF-8"?>
<!-- Generated by org.testng.reporters.JUnitXMLReporter -->
<testsuite hostname="ShubhamRabbit" ignored="0" name="Test" tests="80" failures="4" timestamp="2022-12-19T21:50:52 IST" time="18.86" errors="0">
  <testcase name="downloadImg" time="4.133" classname="com.JBKProjectTest.LoginPageTest">
    <failure type="java.lang.AssertionError" message="expected [JavaByKiran | Log in] but found [JavaByKiran | User]">
      <![CDATA[java.lang.AssertionError: expected [JavaByKiran | Log in] but found [JavaByKiran | User]
at com.JBKProjectTest.LoginPageTest.downloadImg(LoginPageTest.java:39)
at java.util.ArrayList.forEach(ArrayList.java:1249)
... Removed 33 stack frames]]>
    </failure>
  </testcase> <!-- downloadImg -->
  <testcase name="verify_Head1_JavaByKiran_Print" time="0.023" classname="com.JBKProjectTest.LoginPageTest"/>
  <testcase name="verify_Head2_CoursesName_Print" time="0.031" classname="com.JBKProjectTest.LoginPageTest"/>
  <testcase name="verify_Head3_SigninMessage_Print" time="0.031" classname="com.JBKProjectTest.LoginPageTest"/>
  <testcase name="verify_RegisterLink_Click" time="0.123" classname="com.JBKProjectTest.LoginPageTest"/>
  <testcase name="verify_NewHead_JavaByKiran_Print" time="0.032" classname="com.JBKProjectTest.LoginPageTest"/>
  <testcase name="verify_Register_NewMember" time="0.029" classname="com.JBKProjectTest.LoginPageTest"/>
  <testcase name="verify_providedDataOfNewMember" time="2.478" classname="com.JBKProjectTest.LoginPageTest">
    <failure type="java.lang.AssertionError" message="expected [JavaByKiran | Log in] but found [JavaByKiran | User]">
      <![CDATA[java.lang.AssertionError: expected [JavaByKiran | Log in] but found [JavaByKiran | User]
at com.JBKProjectTest.LoginPageTest.verify_providedDataOfNewMember(LoginPageTest.java:76)
at java.util.ArrayList.forEach(ArrayList.java:1249)
... Removed 33 stack frames]]>
    </failure>
  </testcase> <!-- verify_providedDataOfNewMember -->
  <testcase name="verify_CorrectCredentials" time="5.019" classname="com.JBKProjectTest.LoginPageTest">
    <failure type="java.lang.AssertionError" message="expected [JavaByKiran | Dashboard] but found [JavaByKiran | User]">
      <![CDATA[java.lang.AssertionError: expected [JavaByKiran | Dashboard] but found [JavaByKiran | User]
at com.JBKProjectTest.LoginPageTest.verify_CorrectCredentials(LoginPageTest.java:83)
at java.util.ArrayList.forEach(ArrayList.java:1249)
... Removed 33 stack frames]]>
    </failure>
  </testcase> <!-- verify_CorrectCredentials -->
  <testcase name="verify_Header_JavaByKiran" time="0.021" classname="com.JBKProjectTest.DashboardPageTest"/>
  <testcase name="verify_Active_Kiran" time="0.025" classname="com.JBKProjectTest.DashboardPageTest"/>
  <testcase name="verify_Text_Online" time="0.028" classname="com.JBKProjectTest.DashboardPageTest"/>
  <testcase name="verify_Heading_Dashboard" time="0.026" classname="com.JBKProjectTest.DashboardPageTest"/>
  <testcase name="verify_Text_Selenium" time="0.032" classname="com.JBKProjectTest.DashboardPageTest"/>
  <testcase name="verify_Text_JavaJ2EE" time="0.021" classname="com.JBKProjectTest.DashboardPageTest"/>
  <testcase name="verify_Text_Python" time="0.022" classname="com.JBKProjectTest.DashboardPageTest"/>
  <testcase name="verify_Text_Php" time="0.032" classname="com.JBKProjectTest.DashboardPageTest"/>
  <testcase name="verify_Text_AutomationTesting" time="0.028" classname="com.JBKProjectTest.DashboardPageTest"/>
  <testcase name="verify_Text_SoftwareDevelopment" time="0.033" classname="com.JBKProjectTest.DashboardPageTest"/>
  <testcase name="verify_Text_DataScience" time="0.026" classname="com.JBKProjectTest.DashboardPageTest"/>
  <testcase name="verify_Text_WebDevelopment" time="0.033" classname="com.JBKProjectTest.DashboardPageTest"/>
  <testcase name="verify_clickLinkText" time="0.403" classname="com.JBKProjectTest.DashboardPageTest"/>
  <testcase name="verify_SideBar_Dashboard" time="0.199" classname="com.JBKProjectTest.DashboardPageTest"/>
  <testcase name="verify_SideBar_UsersClick" time="0.158" classname="com.JBKProjectTest.DashboardPageTest"/>
  <testcase name="verify_Heading_Users" time="0.034" classname="com.JBKProjectTest.UserPageTest"/>
  <testcase name="verify_Heading_UserList" time="0.025" classname="com.JBKProjectTest.UserPageTest"/>
  <testcase name="verify_AddUserButton_Click" time="0.125" classname="com.JBKProjectTest.UserPageTest"/>
  <testcase name="verify_Heading_AddUser" time="0.023" classname="com.JBKProjectTest.UserPageTest"/>
  <testcase name="verify_FillDetails" time="0.037" classname="com.JBKProjectTest.UserPageTest"/>
  <testcase name="addUser1" time="0.59" classname="com.JBKProjectTest.UserPageTest"/>
  <testcase name="verify_SideBar_UserClick" time="0.17" classname="com.JBKProjectTest.UserPageTest"/>
  <testcase name="verify_UsersPrintTableHeading" time="0.16" classname="com.JBKProjectTest.UserPageTest"/>
  <testcase name="verify_UsersPrintTableContent" time="0.631" classname="com.JBKProjectTest.UserPageTest"/>
  <testcase name="addUsersDelete1" time="0.06" classname="com.JBKProjectTest.UserPageTest"/>
  <testcase name="addUsersDelete2" time="0.076" classname="com.JBKProjectTest.UserPageTest"/>
  <testcase name="addUsersDelete3" time="0.063" classname="com.JBKProjectTest.UserPageTest"/>
  <testcase name="addUsersDelete4" time="0.076" classname="com.JBKProjectTest.UserPageTest"/>
  <testcase name="verify_navigateToOperatorPage" time="0.105" classname="com.JBKProjectTest.UserPageTest"/>
  <testcase name="verify_Heading_Operators" time="0.033" classname="com.JBKProjectTest.OperatorPageTest"/>
  <testcase name="verify_Heading_OperatorList" time="0.023" classname="com.JBKProjectTest.OperatorPageTest"/>
  <testcase name="verify_AllOperatorsHeadingPrint" time="0.137" classname="com.JBKProjectTest.OperatorPageTest"/>
  <testcase name="verify_AllOperatorsPrint" time="0.73" classname="com.JBKProjectTest.OperatorPageTest"/>
  <testcase name="verify_ConnectionWith_WhatsappOnly" time="0.0" classname="com.JBKProjectTest.OperatorPageTest"/>
  <testcase name="verify_ConnectionWith_Whatsapp_PhoneCall_Sms_Email" time="0.001" classname="com.JBKProjectTest.OperatorPageTest"/>
  <testcase name="verify_PersonsPresentOn_MondayToSaturday" time="0.0" classname="com.JBKProjectTest.OperatorPageTest"/>
  <testcase name="verify_PersonsPresentOn_MondayToSunday" time="0.0" classname="com.JBKProjectTest.OperatorPageTest"/>
  <testcase name="verify_PersonsPresentOn_MondayToFridayAndSunday" time="0.0" classname="com.JBKProjectTest.OperatorPageTest"/>
  <testcase name="verify_PersonsPresentOn_SaturdaySunday" time="0.0" classname="com.JBKProjectTest.OperatorPageTest"/>
  <testcase name="verify_PersonsPresent_for_UrgentTechnicalHelp" time="0.0" classname="com.JBKProjectTest.OperatorPageTest"/>
  <testcase name="verify_PersonsPresent_for_TechnicalDiscussion" time="0.0" classname="com.JBKProjectTest.OperatorPageTest"/>
  <testcase name="verify_PersonsPresent_for_Administration" time="0.0" classname="com.JBKProjectTest.OperatorPageTest"/>
  <testcase name="verify_PersonsPresent_for_Enquiry" time="0.0" classname="com.JBKProjectTest.OperatorPageTest"/>
  <testcase name="verify_PersonsPresent_for_TechnicalHelp" time="0.0" classname="com.JBKProjectTest.OperatorPageTest"/>
  <testcase name="verify_NavigateToUsefulLinksPage" time="0.131" classname="com.JBKProjectTest.OperatorPageTest"/>
  <testcase name="verify_Heading_UsefulLinks" time="0.031" classname="com.JBKProjectTest.UsefulLinksPageTest"/>
  <testcase name="verify_Heading_InternetRequired" time="0.023" classname="com.JBKProjectTest.UsefulLinksPageTest"/>
  <testcase name="verify_Heading_LinksTable" time="0.031" classname="com.JBKProjectTest.UsefulLinksPageTest"/>
  <testcase name="verify_LinksTableRow1" time="0.029" classname="com.JBKProjectTest.UsefulLinksPageTest"/>
  <testcase name="verify_LinksTableRow2" time="0.031" classname="com.JBKProjectTest.UsefulLinksPageTest"/>
  <testcase name="verify_LinksTableRow3" time="0.029" classname="com.JBKProjectTest.UsefulLinksPageTest"/>
  <testcase name="verify_LinksTableRow4" time="0.031" classname="com.JBKProjectTest.UsefulLinksPageTest"/>
  <testcase name="verify_LinksTableRow5" time="0.029" classname="com.JBKProjectTest.UsefulLinksPageTest"/>
  <testcase name="verify_LinksTableRow6" time="0.03" classname="com.JBKProjectTest.UsefulLinksPageTest"/>
  <testcase name="verify_ClickLinks" time="0.482" classname="com.JBKProjectTest.UsefulLinksPageTest"/>
  <testcase name="verify_Footer1" time="0.027" classname="com.JBKProjectTest.UsefulLinksPageTest"/>
  <testcase name="verify_Footer2" time="0.052" classname="com.JBKProjectTest.UsefulLinksPageTest"/>
  <testcase name="verify_NavigateToDownloadsPage" time="0.106" classname="com.JBKProjectTest.UsefulLinksPageTest"/>
  <testcase name="verify_Heading_Downloads" time="0.022" classname="com.JBKProjectTest.DownloadsPageTest"/>
  <testcase name="verify_Heading_DownloadsList" time="0.027" classname="com.JBKProjectTest.DownloadsPageTest"/>
  <testcase name="verify_PrintRow1" time="0.03" classname="com.JBKProjectTest.DownloadsPageTest"/>
  <testcase name="verify_SmallHead" time="0.025" classname="com.JBKProjectTest.DownloadsPageTest"/>
  <testcase name="verify_PrintRow2" time="0.021" classname="com.JBKProjectTest.DownloadsPageTest"/>
  <testcase name="verify_PrintRow3" time="0.031" classname="com.JBKProjectTest.DownloadsPageTest"/>
  <testcase name="verify_PrintRow4" time="0.026" classname="com.JBKProjectTest.DownloadsPageTest"/>
  <testcase name="verify_PrintRow5" time="0.032" classname="com.JBKProjectTest.DownloadsPageTest"/>
  <testcase name="verify_PrintRow6" time="0.026" classname="com.JBKProjectTest.DownloadsPageTest"/>
  <testcase name="verify_PrintRow7" time="0.033" classname="com.JBKProjectTest.DownloadsPageTest"/>
  <testcase name="verify_PrintRow8" time="0.028" classname="com.JBKProjectTest.DownloadsPageTest"/>
  <testcase name="verify_ClickAllOfficialWebsites" time="0.478" classname="com.JBKProjectTest.DownloadsPageTest"/>
  <testcase name="verify_ClickLogout" time="0.107" classname="com.JBKProjectTest.DownloadsPageTest">
    <failure type="java.lang.AssertionError" message="expected [JavaByKiran | Log in] but found [JavaByKiran | Operators]">
      <![CDATA[java.lang.AssertionError: expected [JavaByKiran | Log in] but found [JavaByKiran | Operators]
at com.JBKProjectTest.DownloadsPageTest.verify_ClickLogout(DownloadsPageTest.java:129)
at java.util.ArrayList.forEach(ArrayList.java:1249)
... Removed 33 stack frames]]>
    </failure>
  </testcase> <!-- verify_ClickLogout -->
</testsuite> <!-- Test -->
