<?xml version="1.0" encoding="UTF-8"?>
<!-- Generated by org.testng.reporters.JUnitReportReporter -->
<testsuite skipped="0" hostname="ShubhamRabbit" name="com.JBKProjectTest.DownloadsPageTest" tests="13" failures="1" timestamp="2022-12-19T21:50:54 IST" time="0.886" errors="0">
  <testcase name="verify_Heading_Downloads" time="0.022" classname="com.JBKProjectTest.DownloadsPageTest"/>
  <system-out/>
  <testcase name="verify_Heading_DownloadsList" time="0.027" classname="com.JBKProjectTest.DownloadsPageTest"/>
  <system-out/>
  <testcase name="verify_PrintRow1" time="0.030" classname="com.JBKProjectTest.DownloadsPageTest"/>
  <system-out/>
  <testcase name="verify_SmallHead" time="0.025" classname="com.JBKProjectTest.DownloadsPageTest"/>
  <system-out/>
  <testcase name="verify_PrintRow2" time="0.021" classname="com.JBKProjectTest.DownloadsPageTest"/>
  <system-out/>
  <testcase name="verify_PrintRow3" time="0.031" classname="com.JBKProjectTest.DownloadsPageTest"/>
  <system-out/>
  <testcase name="verify_PrintRow4" time="0.026" classname="com.JBKProjectTest.DownloadsPageTest"/>
  <system-out/>
  <testcase name="verify_PrintRow5" time="0.032" classname="com.JBKProjectTest.DownloadsPageTest"/>
  <system-out/>
  <testcase name="verify_PrintRow6" time="0.026" classname="com.JBKProjectTest.DownloadsPageTest"/>
  <system-out/>
  <testcase name="verify_PrintRow7" time="0.033" classname="com.JBKProjectTest.DownloadsPageTest"/>
  <system-out/>
  <testcase name="verify_PrintRow8" time="0.028" classname="com.JBKProjectTest.DownloadsPageTest"/>
  <system-out/>
  <testcase name="verify_ClickAllOfficialWebsites" time="0.478" classname="com.JBKProjectTest.DownloadsPageTest"/>
  <system-out/>
  <testcase name="verify_ClickLogout" time="0.107" classname="com.JBKProjectTest.DownloadsPageTest">
    <failure type="java.lang.AssertionError" message="expected [JavaByKiran | Log in] but found [JavaByKiran | Operators]">
      <![CDATA[java.lang.AssertionError: expected [JavaByKiran | Log in] but found [JavaByKiran | Operators]
at org.testng.Assert.fail(Assert.java:99)
at org.testng.Assert.failNotEquals(Assert.java:1037)
at org.testng.Assert.assertEqualsImpl(Assert.java:140)
at org.testng.Assert.assertEquals(Assert.java:122)
at org.testng.Assert.assertEquals(Assert.java:629)
at org.testng.Assert.assertEquals(Assert.java:639)
at com.JBKProjectTest.DownloadsPageTest.verify_ClickLogout(DownloadsPageTest.java:129)
at sun.reflect.NativeMethodAccessorImpl.invoke0(Native Method)
at sun.reflect.NativeMethodAccessorImpl.invoke(NativeMethodAccessorImpl.java:62)
at sun.reflect.DelegatingMethodAccessorImpl.invoke(DelegatingMethodAccessorImpl.java:43)
at java.lang.reflect.Method.invoke(Method.java:498)
at org.testng.internal.MethodInvocationHelper.invokeMethod(MethodInvocationHelper.java:133)
at org.testng.internal.TestInvoker.invokeMethod(TestInvoker.java:598)
at org.testng.internal.TestInvoker.invokeTestMethod(TestInvoker.java:173)
at org.testng.internal.MethodRunner.runInSequence(MethodRunner.java:46)
at org.testng.internal.TestInvoker$MethodInvocationAgent.invoke(TestInvoker.java:824)
at org.testng.internal.TestInvoker.invokeTestMethods(TestInvoker.java:146)
at org.testng.internal.TestMethodWorker.invokeTestMethods(TestMethodWorker.java:146)
at org.testng.internal.TestMethodWorker.run(TestMethodWorker.java:128)
at java.util.ArrayList.forEach(ArrayList.java:1249)
at org.testng.TestRunner.privateRun(TestRunner.java:794)
at org.testng.TestRunner.run(TestRunner.java:596)
at org.testng.SuiteRunner.runTest(SuiteRunner.java:377)
at org.testng.SuiteRunner.runSequentially(SuiteRunner.java:371)
at org.testng.SuiteRunner.privateRun(SuiteRunner.java:332)
at org.testng.SuiteRunner.run(SuiteRunner.java:276)
at org.testng.SuiteRunnerWorker.runSuite(SuiteRunnerWorker.java:53)
at org.testng.SuiteRunnerWorker.run(SuiteRunnerWorker.java:96)
at org.testng.TestNG.runSuitesSequentially(TestNG.java:1212)
at org.testng.TestNG.runSuitesLocally(TestNG.java:1134)
at org.testng.TestNG.runSuites(TestNG.java:1063)
at org.testng.TestNG.run(TestNG.java:1031)
at org.testng.remote.AbstractRemoteTestNG.run(AbstractRemoteTestNG.java:115)
at org.testng.remote.RemoteTestNG.initAndRun(RemoteTestNG.java:251)
at org.testng.remote.RemoteTestNG.main(RemoteTestNG.java:77)
]]>
    </failure>
  </testcase> <!-- verify_ClickLogout -->
  <system-out/>
</testsuite> <!-- com.JBKProjectTest.DownloadsPageTest -->
